
Jun 23, 2018 11:03:33.74 NEW SESSION
Jun 23, 2018 11:03:33.74 ATTENTION: default value of option force_s3tc_enable overridden by environment.
Jun 23, 2018 11:03:35.12 Created new window in existing browser session.

Jun 23, 2018 13:02:46.71 NEW SESSION
Jun 23, 2018 13:02:46.71 ATTENTION: default value of option force_s3tc_enable overridden by environment.
Jun 23, 2018 13:02:47.81 Created new window in existing browser session.
Jun 23, 2018 13:10:55.50 ATTENTION: default value of option force_s3tc_enable overridden by environment.
Jun 23, 2018 13:10:55.72 Created new window in existing browser session.
Jun 23, 2018 13:18:28.25 ATTENTION: default value of option force_s3tc_enable overridden by environment.
Jun 23, 2018 13:18:28.59 Created new window in existing browser session.
Jun 23, 2018 13:20:35.03 Created new window in existing browser session.
Jun 23, 2018 13:21:46.97 ATTENTION: default value of option force_s3tc_enable overridden by environment.
Jun 23, 2018 13:21:47.07 Created new window in existing browser session.
Jun 23, 2018 13:33:30.26 ATTENTION: default value of option force_s3tc_enable overridden by environment.
Jun 23, 2018 13:33:30.37 Created new window in existing browser session.
Jun 23, 2018 13:34:53.13 ATTENTION: default value of option force_s3tc_enable overridden by environment.
Jun 23, 2018 13:34:53.28 Created new window in existing browser session.
Jun 23, 2018 14:27:13.41 ATTENTION: default value of option force_s3tc_enable overridden by environment.
Jun 23, 2018 14:27:14.32 Created new window in existing browser session.
Jun 23, 2018 14:28:21.18 ATTENTION: default value of option force_s3tc_enable overridden by environment.
Jun 23, 2018 14:28:21.27 Created new window in existing browser session.
Jun 23, 2018 14:29:04.76 ATTENTION: default value of option force_s3tc_enable overridden by environment.
Jun 23, 2018 14:29:04.88 Created new window in existing browser session.
Jun 23, 2018 14:31:04.76 Created new window in existing browser session.
Jun 23, 2018 14:33:46.90 Created new window in existing browser session.
Jun 23, 2018 14:37:01.59 Created new window in existing browser session.
Jun 23, 2018 14:42:58.46 Created new window in existing browser session.
Jun 23, 2018 14:48:17.45 Created new window in existing browser session.
Jun 23, 2018 14:51:23.85 Created new window in existing browser session.
Jun 23, 2018 15:01:27.64 ATTENTION: default value of option force_s3tc_enable overridden by environment.
Jun 23, 2018 15:01:28.48 Created new window in existing browser session.
Jun 23, 2018 15:16:16.09 ATTENTION: default value of option force_s3tc_enable overridden by environment.
Jun 23, 2018 15:16:18.07 Created new window in existing browser session.
Jun 23, 2018 15:18:30.72 Created new window in existing browser session.
Jun 23, 2018 15:22:59.75 ATTENTION: default value of option force_s3tc_enable overridden by environment.
Jun 23, 2018 15:22:59.86 Created new window in existing browser session.
Jun 23, 2018 15:27:43.64 Created new window in existing browser session.
Jun 23, 2018 15:30:42.37 Created new window in existing browser session.
Jun 23, 2018 15:35:14.10 Created new window in existing browser session.
Jun 23, 2018 15:43:24.06 ATTENTION: default value of option force_s3tc_enable overridden by environment.
Jun 23, 2018 15:43:25.71 Created new window in existing browser session.
Jun 23, 2018 16:01:39.18 Created new window in existing browser session.
Jun 23, 2018 16:16:31.53 Created new window in existing browser session.
Jun 23, 2018 16:42:09.67 ATTENTION: default value of option force_s3tc_enable overridden by environment.
Jun 23, 2018 16:42:09.85 Created new window in existing browser session.
Jun 23, 2018 16:50:06.97 Created new window in existing browser session.
Jun 23, 2018 16:53:01.27 Created new window in existing browser session.
Jun 23, 2018 16:55:15.74 Created new window in existing browser session.
Jun 23, 2018 16:56:08.97 Created new window in existing browser session.
Jun 23, 2018 17:04:14.93 ATTENTION: default value of option force_s3tc_enable overridden by environment.
Jun 23, 2018 17:04:15.18 Created new window in existing browser session.
Jun 23, 2018 17:05:30.91 ATTENTION: default value of option force_s3tc_enable overridden by environment.
Jun 23, 2018 17:05:31.06 Created new window in existing browser session.
Jun 23, 2018 17:21:25.17 ATTENTION: default value of option force_s3tc_enable overridden by environment.
Jun 23, 2018 17:21:25.81 Created new window in existing browser session.
Jun 23, 2018 17:22:15.89 ATTENTION: default value of option force_s3tc_enable overridden by environment.
Jun 23, 2018 17:22:15.98 Created new window in existing browser session.
Jun 23, 2018 17:30:56.06 ATTENTION: default value of option force_s3tc_enable overridden by environment.
Jun 23, 2018 17:30:56.47 Created new window in existing browser session.
Jun 23, 2018 17:33:19.36 ATTENTION: default value of option force_s3tc_enable overridden by environment.
Jun 23, 2018 17:33:20.64 Created new window in existing browser session.
Jun 23, 2018 17:35:33.08 ATTENTION: default value of option force_s3tc_enable overridden by environment.
Jun 23, 2018 17:35:33.21 Created new window in existing browser session.
Jun 23, 2018 17:39:21.89 Created new window in existing browser session.
Jun 23, 2018 17:50:45.89 Created new window in existing browser session.
Jun 23, 2018 17:53:42.71 ATTENTION: default value of option force_s3tc_enable overridden by environment.
Jun 23, 2018 17:53:43.14 Created new window in existing browser session.
Jun 23, 2018 17:53:58.49 ATTENTION: default value of option force_s3tc_enable overridden by environment.
Jun 23, 2018 17:53:58.62 Created new window in existing browser session.
Jun 23, 2018 17:55:07.40 ATTENTION: default value of option force_s3tc_enable overridden by environment.
Jun 23, 2018 17:55:07.52 Created new window in existing browser session.
Jun 23, 2018 17:56:04.49 ATTENTION: default value of option force_s3tc_enable overridden by environment.
Jun 23, 2018 17:56:04.67 Created new window in existing browser session.
Jun 23, 2018 18:09:34.60 Created new window in existing browser session.
Jun 23, 2018 18:32:04.66 ATTENTION: default value of option force_s3tc_enable overridden by environment.
Jun 23, 2018 18:32:09.98 Created new window in existing browser session.
Jun 23, 2018 18:34:15.00 ATTENTION: default value of option force_s3tc_enable overridden by environment.
Jun 23, 2018 18:34:16.47 Created new window in existing browser session.
Jun 23, 2018 18:36:32.80 ATTENTION: default value of option force_s3tc_enable overridden by environment.
Jun 23, 2018 18:36:33.96 Created new window in existing browser session.
Jun 23, 2018 18:39:34.58 ATTENTION: default value of option force_s3tc_enable overridden by environment.
Jun 23, 2018 18:39:35.39 Created new window in existing browser session.
Jun 23, 2018 18:43:09.42 ATTENTION: default value of option force_s3tc_enable overridden by environment.
Jun 23, 2018 18:43:10.97 Created new window in existing browser session.
Jun 23, 2018 18:46:22.40 ATTENTION: default value of option force_s3tc_enable overridden by environment.
Jun 23, 2018 18:46:22.70 Created new window in existing browser session.
Jun 23, 2018 18:53:10.90 ATTENTION: default value of option force_s3tc_enable overridden by environment.
Jun 23, 2018 18:53:11.21 Created new window in existing browser session.
Jun 23, 2018 18:56:09.52 ATTENTION: default value of option force_s3tc_enable overridden by environment.
Jun 23, 2018 18:56:09.88 Created new window in existing browser session.

Jun 25, 2018 10:10:24.05 NEW SESSION
Jun 25, 2018 10:10:24.05 ATTENTION: default value of option force_s3tc_enable overridden by environment.
Jun 25, 2018 10:10:24.37 Created new window in existing browser session.
Jun 25, 2018 10:59:39.66 ATTENTION: default value of option force_s3tc_enable overridden by environment.
Jun 25, 2018 10:59:39.99 Created new window in existing browser session.
Jun 25, 2018 11:40:09.50 Created new window in existing browser session.
Jun 25, 2018 12:11:44.12 Created new window in existing browser session.
Jun 25, 2018 16:07:22.06 ATTENTION: default value of option force_s3tc_enable overridden by environment.
Jun 25, 2018 16:07:23.99 Created new window in existing browser session.
Jun 25, 2018 16:58:42.45 Created new window in existing browser session.
Jun 25, 2018 17:13:47.51 Created new window in existing browser session.

Jun 26, 2018 09:43:14.39 NEW SESSION
Jun 26, 2018 09:43:14.39 ATTENTION: default value of option force_s3tc_enable overridden by environment.
Jun 26, 2018 09:43:14.66 Created new window in existing browser session.
Jun 26, 2018 12:36:45.97 ATTENTION: default value of option force_s3tc_enable overridden by environment.
Jun 26, 2018 12:36:47.64 Created new window in existing browser session.
Jun 26, 2018 12:51:01.21 ATTENTION: default value of option force_s3tc_enable overridden by environment.
Jun 26, 2018 12:51:02.07 Created new window in existing browser session.
Jun 26, 2018 12:59:40.00 ATTENTION: default value of option force_s3tc_enable overridden by environment.
Jun 26, 2018 12:59:41.21 Created new window in existing browser session.
Jun 26, 2018 13:03:04.63 Created new window in existing browser session.

Jun 27, 2018 13:07:46.71 NEW SESSION
Jun 27, 2018 13:07:46.71 ATTENTION: default value of option force_s3tc_enable overridden by environment.
Jun 27, 2018 13:07:47.04 Created new window in existing browser session.
Jun 27, 2018 15:49:04.37 ATTENTION: default value of option force_s3tc_enable overridden by environment.
Jun 27, 2018 15:49:04.75 Created new window in existing browser session.
Jun 27, 2018 15:49:20.14 ATTENTION: default value of option force_s3tc_enable overridden by environment.
Jun 27, 2018 15:49:20.22 Created new window in existing browser session.
Jun 27, 2018 16:09:22.21 ATTENTION: default value of option force_s3tc_enable overridden by environment.
Jun 27, 2018 16:09:22.30 Created new window in existing browser session.
Jun 27, 2018 16:12:41.92 Created new window in existing browser session.
Jun 27, 2018 16:13:15.45 Created new window in existing browser session.
Jun 27, 2018 16:15:49.64 ATTENTION: default value of option force_s3tc_enable overridden by environment.
Jun 27, 2018 16:15:49.75 Created new window in existing browser session.
Jun 27, 2018 16:21:30.90 ATTENTION: default value of option force_s3tc_enable overridden by environment.
Jun 27, 2018 16:21:31.04 Created new window in existing browser session.
Jun 27, 2018 16:32:18.27 ATTENTION: default value of option force_s3tc_enable overridden by environment.
Jun 27, 2018 16:32:18.44 Created new window in existing browser session.
Jun 27, 2018 16:37:52.94 Created new window in existing browser session.
Jun 27, 2018 16:39:05.76 ATTENTION: default value of option force_s3tc_enable overridden by environment.
Jun 27, 2018 16:39:05.86 Created new window in existing browser session.

Jun 27, 2018 17:04:06.14 NEW SESSION
Jun 27, 2018 17:04:06.14 ATTENTION: default value of option force_s3tc_enable overridden by environment.
Jun 27, 2018 17:04:06.38 Created new window in existing browser session.
Jun 27, 2018 17:16:26.37 ATTENTION: default value of option force_s3tc_enable overridden by environment.
Jun 27, 2018 17:16:26.49 Created new window in existing browser session.
Jun 27, 2018 17:17:57.40 Created new window in existing browser session.
Jun 27, 2018 17:18:26.81 ATTENTION: default value of option force_s3tc_enable overridden by environment.
Jun 27, 2018 17:18:26.93 Created new window in existing browser session.
Jun 27, 2018 17:19:27.74 Created new window in existing browser session.
Jun 27, 2018 17:20:05.71 ATTENTION: default value of option force_s3tc_enable overridden by environment.
Jun 27, 2018 17:20:05.90 Created new window in existing browser session.
Jun 27, 2018 17:28:34.69 ATTENTION: default value of option force_s3tc_enable overridden by environment.
Jun 27, 2018 17:28:34.96 Created new window in existing browser session.

Jun 30, 2018 11:34:05.82 NEW SESSION
Jun 30, 2018 11:34:05.82 Created new window in existing browser session.
Jun 30, 2018 11:35:10.17 Created new window in existing browser session.
Jun 30, 2018 12:04:21.58 Created new window in existing browser session.
Jun 30, 2018 13:35:17.20 ATTENTION: default value of option force_s3tc_enable overridden by environment.
Jun 30, 2018 13:35:19.24 Created new window in existing browser session.
Jun 30, 2018 15:22:36.13 ATTENTION: default value of option force_s3tc_enable overridden by environment.
Jun 30, 2018 15:22:37.21 Created new window in existing browser session.
Jun 30, 2018 19:28:46.08 ATTENTION: default value of option force_s3tc_enable overridden by environment.
Jun 30, 2018 19:28:47.45 Created new window in existing browser session.

Jul 01, 2018 11:48:24.46 NEW SESSION
Jul 01, 2018 11:48:24.46 Created new window in existing browser session.
Jul 01, 2018 12:03:36.13 Created new window in existing browser session.
Jul 01, 2018 12:25:28.51 ATTENTION: default value of option force_s3tc_enable overridden by environment.
Jul 01, 2018 12:25:29.06 Created new window in existing browser session.
Jul 01, 2018 12:36:48.95 ATTENTION: default value of option force_s3tc_enable overridden by environment.
Jul 01, 2018 12:36:49.08 Created new window in existing browser session.
Jul 01, 2018 12:48:20.49 Created new window in existing browser session.
Jul 01, 2018 13:03:51.71 Created new window in existing browser session.
Jul 01, 2018 15:11:44.09 Created new window in existing browser session.
Jul 01, 2018 15:14:02.94 Created new window in existing browser session.
Jul 01, 2018 18:30:55.75 ATTENTION: default value of option force_s3tc_enable overridden by environment.
Jul 01, 2018 18:30:58.14 Created new window in existing browser session.
Jul 01, 2018 18:36:41.85 ATTENTION: default value of option force_s3tc_enable overridden by environment.
Jul 01, 2018 18:36:42.60 Created new window in existing browser session.
Jul 01, 2018 18:37:50.58 ATTENTION: default value of option force_s3tc_enable overridden by environment.
Jul 01, 2018 18:37:50.67 Created new window in existing browser session.
Jul 01, 2018 18:52:36.46 ATTENTION: default value of option force_s3tc_enable overridden by environment.
Jul 01, 2018 18:52:40.04 Created new window in existing browser session.
Jul 01, 2018 18:56:16.03 Created new window in existing browser session.

Jul 02, 2018 10:38:57.16 NEW SESSION
Jul 02, 2018 10:38:57.16 Created new window in existing browser session.
Jul 02, 2018 10:41:33.34 ATTENTION: default value of option force_s3tc_enable overridden by environment.
Jul 02, 2018 10:41:33.47 Created new window in existing browser session.
Jul 02, 2018 10:43:34.76 ATTENTION: default value of option force_s3tc_enable overridden by environment.
Jul 02, 2018 10:43:34.86 Created new window in existing browser session.
Jul 02, 2018 11:05:52.81 ATTENTION: default value of option force_s3tc_enable overridden by environment.
Jul 02, 2018 11:05:52.88 Created new window in existing browser session.
Jul 02, 2018 11:10:04.69 ATTENTION: default value of option force_s3tc_enable overridden by environment.
Jul 02, 2018 11:10:04.82 Created new window in existing browser session.
Jul 02, 2018 15:13:41.05 ATTENTION: default value of option force_s3tc_enable overridden by environment.
Jul 02, 2018 15:13:41.60 Created new window in existing browser session.
Jul 02, 2018 19:12:09.08 Created new window in existing browser session.
Jul 02, 2018 19:19:18.11 Created new window in existing browser session.

Jul 03, 2018 11:45:10.64 NEW SESSION
Jul 03, 2018 11:45:10.64 ATTENTION: default value of option force_s3tc_enable overridden by environment.
Jul 03, 2018 11:45:10.94 Created new window in existing browser session.
Jul 03, 2018 11:51:34.68 ATTENTION: default value of option force_s3tc_enable overridden by environment.
Jul 03, 2018 11:51:34.88 Created new window in existing browser session.
Jul 03, 2018 11:54:40.36 Created new window in existing browser session.
Jul 03, 2018 12:01:21.97 ATTENTION: default value of option force_s3tc_enable overridden by environment.
Jul 03, 2018 12:01:22.39 Created new window in existing browser session.
Jul 03, 2018 13:18:01.45 Created new window in existing browser session.
Jul 03, 2018 13:19:16.46 Created new window in existing browser session.

Jul 04, 2018 12:54:18.87 NEW SESSION
Jul 04, 2018 12:54:18.87 Created new window in existing browser session.
Jul 04, 2018 12:58:56.23 Created new window in existing browser session.
Jul 04, 2018 13:06:07.81 ATTENTION: default value of option force_s3tc_enable overridden by environment.
Jul 04, 2018 13:06:08.01 Created new window in existing browser session.
Jul 04, 2018 13:21:03.49 ATTENTION: default value of option force_s3tc_enable overridden by environment.
Jul 04, 2018 13:21:03.62 Created new window in existing browser session.
Jul 04, 2018 15:42:29.14 ATTENTION: default value of option force_s3tc_enable overridden by environment.
Jul 04, 2018 15:42:30.41 Created new window in existing browser session.
Jul 04, 2018 18:12:28.25 Created new window in existing browser session.
Jul 04, 2018 18:35:44.11 ATTENTION: default value of option force_s3tc_enable overridden by environment.
Jul 04, 2018 18:35:45.55 Created new window in existing browser session.
Jul 04, 2018 18:37:35.02 Created new window in existing browser session.
Jul 04, 2018 18:47:14.96 Created new window in existing browser session.
Jul 04, 2018 18:53:31.19 ATTENTION: default value of option force_s3tc_enable overridden by environment.
Jul 04, 2018 18:53:32.56 Created new window in existing browser session.
Jul 04, 2018 19:07:04.74 ATTENTION: default value of option force_s3tc_enable overridden by environment.
Jul 04, 2018 19:07:05.04 Created new window in existing browser session.
Jul 04, 2018 19:08:43.67 ATTENTION: default value of option force_s3tc_enable overridden by environment.
Jul 04, 2018 19:08:43.87 Created new window in existing browser session.

Jul 05, 2018 09:34:00.86 NEW SESSION
Jul 05, 2018 09:34:00.86 ATTENTION: default value of option force_s3tc_enable overridden by environment.
Jul 05, 2018 09:34:01.14 Created new window in existing browser session.
Jul 05, 2018 11:34:25.03 ATTENTION: default value of option force_s3tc_enable overridden by environment.
Jul 05, 2018 11:34:26.08 Created new window in existing browser session.
Jul 05, 2018 12:35:53.41 ATTENTION: default value of option force_s3tc_enable overridden by environment.
Jul 05, 2018 12:35:54.55 Created new window in existing browser session.
Jul 05, 2018 13:33:12.76 ATTENTION: default value of option force_s3tc_enable overridden by environment.
Jul 05, 2018 13:33:13.10 Created new window in existing browser session.
Jul 05, 2018 14:30:29.08 ATTENTION: default value of option force_s3tc_enable overridden by environment.
Jul 05, 2018 14:30:29.42 Created new window in existing browser session.
Jul 05, 2018 14:49:04.28 ATTENTION: default value of option force_s3tc_enable overridden by environment.
Jul 05, 2018 14:49:05.16 Created new window in existing browser session.
Jul 05, 2018 15:18:41.98 ATTENTION: default value of option force_s3tc_enable overridden by environment.
Jul 05, 2018 15:18:43.68 Created new window in existing browser session.
Jul 05, 2018 15:20:34.74 ATTENTION: default value of option force_s3tc_enable overridden by environment.
Jul 05, 2018 15:20:34.88 Created new window in existing browser session.
Jul 05, 2018 15:20:58.61 ATTENTION: default value of option force_s3tc_enable overridden by environment.
Jul 05, 2018 15:20:58.81 Created new window in existing browser session.
Jul 05, 2018 15:26:27.98 Created new window in existing browser session.
Jul 05, 2018 15:46:48.05 ATTENTION: default value of option force_s3tc_enable overridden by environment.
Jul 05, 2018 15:46:48.22 Created new window in existing browser session.
Jul 05, 2018 15:47:29.93 ATTENTION: default value of option force_s3tc_enable overridden by environment.
Jul 05, 2018 15:47:30.23 Created new window in existing browser session.
Jul 05, 2018 15:51:58.99 ATTENTION: default value of option force_s3tc_enable overridden by environment.
Jul 05, 2018 15:51:59.07 Created new window in existing browser session.
Jul 05, 2018 15:53:13.79 ATTENTION: default value of option force_s3tc_enable overridden by environment.
Jul 05, 2018 15:53:14.36 Created new window in existing browser session.
Jul 05, 2018 16:16:48.03 ATTENTION: default value of option force_s3tc_enable overridden by environment.
Jul 05, 2018 16:16:48.23 Created new window in existing browser session.
Jul 05, 2018 19:28:36.20 ATTENTION: default value of option force_s3tc_enable overridden by environment.
Jul 05, 2018 19:28:37.86 Created new window in existing browser session.

Jul 06, 2018 09:45:46.13 NEW SESSION
Jul 06, 2018 09:45:46.13 ATTENTION: default value of option force_s3tc_enable overridden by environment.
Jul 06, 2018 09:45:46.47 Created new window in existing browser session.
Jul 06, 2018 11:22:40.93 ATTENTION: default value of option force_s3tc_enable overridden by environment.
Jul 06, 2018 11:22:41.03 Created new window in existing browser session.
Jul 06, 2018 18:03:25.84 ATTENTION: default value of option force_s3tc_enable overridden by environment.
Jul 06, 2018 18:03:26.01 Created new window in existing browser session.
Jul 06, 2018 18:12:52.50 ATTENTION: default value of option force_s3tc_enable overridden by environment.
Jul 06, 2018 18:12:52.64 Created new window in existing browser session.
Jul 06, 2018 18:14:28.97 ATTENTION: default value of option force_s3tc_enable overridden by environment.
Jul 06, 2018 18:14:29.12 Created new window in existing browser session.
Jul 06, 2018 18:16:07.09 ATTENTION: default value of option force_s3tc_enable overridden by environment.
Jul 06, 2018 18:16:07.23 Created new window in existing browser session.

Jul 07, 2018 09:36:14.55 NEW SESSION
Jul 07, 2018 09:36:14.55 Created new window in existing browser session.

Jul 10, 2018 15:08:25.63 NEW SESSION
Jul 10, 2018 15:08:25.63 ATTENTION: default value of option force_s3tc_enable overridden by environment.
Jul 10, 2018 15:08:25.86 Created new window in existing browser session.
Jul 10, 2018 15:53:38.26 Created new window in existing browser session.
Jul 10, 2018 16:35:09.01 ATTENTION: default value of option force_s3tc_enable overridden by environment.
Jul 10, 2018 16:35:09.34 Created new window in existing browser session.
Jul 10, 2018 17:08:17.72 ATTENTION: default value of option force_s3tc_enable overridden by environment.
Jul 10, 2018 17:08:17.81 Created new window in existing browser session.
Jul 10, 2018 18:35:14.81 ATTENTION: default value of option force_s3tc_enable overridden by environment.
Jul 10, 2018 18:35:18.56 Created new window in existing browser session.

Jul 11, 2018 09:27:59.11 NEW SESSION
Jul 11, 2018 09:27:59.11 ATTENTION: default value of option force_s3tc_enable overridden by environment.
Jul 11, 2018 09:27:59.35 Created new window in existing browser session.
Jul 11, 2018 10:14:16.38 Created new window in existing browser session.
Jul 11, 2018 10:16:48.75 Created new window in existing browser session.
Jul 11, 2018 10:19:39.09 ATTENTION: default value of option force_s3tc_enable overridden by environment.
Jul 11, 2018 10:19:39.16 Created new window in existing browser session.
Jul 11, 2018 10:20:42.70 ATTENTION: default value of option force_s3tc_enable overridden by environment.
Jul 11, 2018 10:20:42.78 Created new window in existing browser session.
Jul 11, 2018 11:59:19.20 ATTENTION: default value of option force_s3tc_enable overridden by environment.
Jul 11, 2018 11:59:19.59 Created new window in existing browser session.
Jul 11, 2018 12:09:47.69 ATTENTION: default value of option force_s3tc_enable overridden by environment.
Jul 11, 2018 12:09:47.80 Created new window in existing browser session.
Jul 11, 2018 12:23:45.99 ATTENTION: default value of option force_s3tc_enable overridden by environment.
Jul 11, 2018 12:23:46.12 Created new window in existing browser session.
Jul 11, 2018 12:55:00.90 ATTENTION: default value of option force_s3tc_enable overridden by environment.
Jul 11, 2018 12:55:00.98 Created new window in existing browser session.
Jul 11, 2018 13:02:41.49 ATTENTION: default value of option force_s3tc_enable overridden by environment.
Jul 11, 2018 13:02:41.60 Created new window in existing browser session.
Jul 11, 2018 13:10:53.13 ATTENTION: default value of option force_s3tc_enable overridden by environment.
Jul 11, 2018 13:10:53.25 Created new window in existing browser session.
Jul 11, 2018 13:23:28.18 ATTENTION: default value of option force_s3tc_enable overridden by environment.
Jul 11, 2018 13:23:28.30 Created new window in existing browser session.
Jul 11, 2018 14:45:56.49 Created new window in existing browser session.
Jul 11, 2018 15:26:27.01 ATTENTION: default value of option force_s3tc_enable overridden by environment.
Jul 11, 2018 15:26:27.26 Created new window in existing browser session.
Jul 11, 2018 15:36:53.40 ATTENTION: default value of option force_s3tc_enable overridden by environment.
Jul 11, 2018 15:36:53.50 Created new window in existing browser session.
Jul 11, 2018 15:40:30.14 ATTENTION: default value of option force_s3tc_enable overridden by environment.
Jul 11, 2018 15:40:30.25 Created new window in existing browser session.

Jul 11, 2018 16:06:29.93 NEW SESSION
Jul 11, 2018 16:06:29.93 ATTENTION: default value of option force_s3tc_enable overridden by environment.
Jul 11, 2018 16:06:30.19 Created new window in existing browser session.
Jul 11, 2018 16:24:03.31 ATTENTION: default value of option force_s3tc_enable overridden by environment.
Jul 11, 2018 16:24:03.46 Created new window in existing browser session.

Jul 12, 2018 09:37:10.29 NEW SESSION
Jul 12, 2018 09:37:10.29 ATTENTION: default value of option force_s3tc_enable overridden by environment.
Jul 12, 2018 09:37:10.59 Created new window in existing browser session.

Jul 13, 2018 09:38:10.08 NEW SESSION
Jul 13, 2018 09:38:10.08 ATTENTION: default value of option force_s3tc_enable overridden by environment.
Jul 13, 2018 09:38:10.33 Created new window in existing browser session.
Jul 13, 2018 09:46:04.90 Created new window in existing browser session.
Jul 13, 2018 10:13:34.18 ATTENTION: default value of option force_s3tc_enable overridden by environment.
Jul 13, 2018 10:13:34.45 Created new window in existing browser session.
Jul 13, 2018 11:50:35.25 ATTENTION: default value of option force_s3tc_enable overridden by environment.
Jul 13, 2018 11:50:35.58 Created new window in existing browser session.
Jul 13, 2018 12:27:39.84 Created new window in existing browser session.
Jul 13, 2018 12:30:57.59 Created new window in existing browser session.
Jul 13, 2018 12:37:55.15 ATTENTION: default value of option force_s3tc_enable overridden by environment.
Jul 13, 2018 12:37:55.33 Created new window in existing browser session.

Jul 14, 2018 09:02:15.59 NEW SESSION
Jul 14, 2018 09:02:15.60 ATTENTION: default value of option force_s3tc_enable overridden by environment.
Jul 14, 2018 09:02:15.84 Created new window in existing browser session.

Jul 14, 2018 15:24:48.52 NEW SESSION
Jul 14, 2018 15:24:48.52 Created new window in existing browser session.

Jul 15, 2018 10:40:13.14 NEW SESSION
Jul 15, 2018 10:40:13.14 ATTENTION: default value of option force_s3tc_enable overridden by environment.
Jul 15, 2018 10:40:13.44 Created new window in existing browser session.
Jul 15, 2018 16:17:55.19 ATTENTION: default value of option force_s3tc_enable overridden by environment.
Jul 15, 2018 16:17:57.87 Created new window in existing browser session.

Jul 16, 2018 09:16:49.77 NEW SESSION
Jul 16, 2018 09:16:49.77 ATTENTION: default value of option force_s3tc_enable overridden by environment.
Jul 16, 2018 09:16:50.03 Created new window in existing browser session.

Jul 17, 2018 09:30:07.51 NEW SESSION
Jul 17, 2018 09:30:07.53 ATTENTION: default value of option force_s3tc_enable overridden by environment.
Jul 17, 2018 09:30:07.96 Created new window in existing browser session.

Jul 18, 2018 09:28:29.18 NEW SESSION
Jul 18, 2018 09:28:29.19 Created new window in existing browser session.
Jul 18, 2018 10:25:23.08 ATTENTION: default value of option force_s3tc_enable overridden by environment.
Jul 18, 2018 10:25:23.18 Created new window in existing browser session.

Jul 19, 2018 09:23:13.18 NEW SESSION
Jul 19, 2018 09:23:13.18 ATTENTION: default value of option force_s3tc_enable overridden by environment.
Jul 19, 2018 09:23:13.44 Created new window in existing browser session.
